Copyright 1986-2018 Xilinx, Inc. All Rights Reserved.
-----------------------------------------------------------------------------------------------------------------------------------------------------------------------------------------
| Tool Version : Vivado v.2018.3 (win64) Build 2405991 Thu Dec  6 23:38:27 MST 2018
| Date         : Mon Mar  9 20:40:12 2020
| Host         : LAPTOP-N3N9V3PL running 64-bit major release  (build 9200)
| Command      : report_timing_summary -max_paths 10 -file system_timing_summary_routed.rpt -pb system_timing_summary_routed.pb -rpx system_timing_summary_routed.rpx -warn_on_violation
| Design       : system
| Device       : 7a35t-cpg236
| Speed File   : -1  PRODUCTION 1.23 2018-06-13
-----------------------------------------------------------------------------------------------------------------------------------------------------------------------------------------

Timing Summary Report

------------------------------------------------------------------------------------------------
| Timer Settings
| --------------
------------------------------------------------------------------------------------------------

  Enable Multi Corner Analysis               :  Yes
  Enable Pessimism Removal                   :  Yes
  Pessimism Removal Resolution               :  Nearest Common Node
  Enable Input Delay Default Clock           :  No
  Enable Preset / Clear Arcs                 :  No
  Disable Flight Delays                      :  No
  Ignore I/O Paths                           :  No
  Timing Early Launch at Borrowing Latches   :  false

  Corner  Analyze    Analyze    
  Name    Max Paths  Min Paths  
  ------  ---------  ---------  
  Slow    Yes        Yes        
  Fast    Yes        Yes        



check_timing report

Table of Contents
-----------------
1. checking no_clock
2. checking constant_clock
3. checking pulse_width_clock
4. checking unconstrained_internal_endpoints
5. checking no_input_delay
6. checking no_output_delay
7. checking multiple_clock
8. checking generated_clocks
9. checking loops
10. checking partial_input_delay
11. checking partial_output_delay
12. checking latch_loops

1. checking no_clock
--------------------
 There is 1 register/latch pin with no clock driven by root clock pin: genblk1[0].fdiv/clkDiv_reg/Q (HIGH)

 There is 1 register/latch pin with no clock driven by root clock pin: genblk1[10].fdiv/clkDiv_reg/Q (HIGH)

 There is 1 register/latch pin with no clock driven by root clock pin: genblk1[11].fdiv/clkDiv_reg/Q (HIGH)

 There is 1 register/latch pin with no clock driven by root clock pin: genblk1[12].fdiv/clkDiv_reg/Q (HIGH)

 There is 1 register/latch pin with no clock driven by root clock pin: genblk1[13].fdiv/clkDiv_reg/Q (HIGH)

 There is 1 register/latch pin with no clock driven by root clock pin: genblk1[14].fdiv/clkDiv_reg/Q (HIGH)

 There is 1 register/latch pin with no clock driven by root clock pin: genblk1[15].fdiv/clkDiv_reg/Q (HIGH)

 There is 1 register/latch pin with no clock driven by root clock pin: genblk1[16].fdiv/clkDiv_reg/Q (HIGH)

 There are 2 register/latch pins with no clock driven by root clock pin: genblk1[17].fdiv/clkDiv_reg/Q (HIGH)

 There is 1 register/latch pin with no clock driven by root clock pin: genblk1[1].fdiv/clkDiv_reg/Q (HIGH)

 There is 1 register/latch pin with no clock driven by root clock pin: genblk1[2].fdiv/clkDiv_reg/Q (HIGH)

 There is 1 register/latch pin with no clock driven by root clock pin: genblk1[3].fdiv/clkDiv_reg/Q (HIGH)

 There is 1 register/latch pin with no clock driven by root clock pin: genblk1[4].fdiv/clkDiv_reg/Q (HIGH)

 There is 1 register/latch pin with no clock driven by root clock pin: genblk1[5].fdiv/clkDiv_reg/Q (HIGH)

 There is 1 register/latch pin with no clock driven by root clock pin: genblk1[6].fdiv/clkDiv_reg/Q (HIGH)

 There is 1 register/latch pin with no clock driven by root clock pin: genblk1[7].fdiv/clkDiv_reg/Q (HIGH)

 There is 1 register/latch pin with no clock driven by root clock pin: genblk1[8].fdiv/clkDiv_reg/Q (HIGH)

 There is 1 register/latch pin with no clock driven by root clock pin: genblk1[9].fdiv/clkDiv_reg/Q (HIGH)


2. checking constant_clock
--------------------------
 There are 0 register/latch pins with constant_clock.


3. checking pulse_width_clock
-----------------------------
 There are 0 register/latch pins which need pulse_width check


4. checking unconstrained_internal_endpoints
--------------------------------------------
 There are 19 pins that are not constrained for maximum delay. (HIGH)

 There are 0 pins that are not constrained for maximum delay due to constant clock.


5. checking no_input_delay
--------------------------
 There are 0 input ports with no input delay specified.

 There are 0 input ports with no input delay but user has a false path constraint.


6. checking no_output_delay
---------------------------
 There are 10 ports with no output delay specified. (HIGH)

 There are 0 ports with no output delay but user has a false path constraint

 There are 0 ports with no output delay but with a timing clock defined on it or propagating through it


7. checking multiple_clock
--------------------------
 There are 0 register/latch pins with multiple clocks.


8. checking generated_clocks
----------------------------
 There are 0 generated clocks that are not connected to a clock source.


9. checking loops
-----------------
 There are 0 combinational loops in the design.


10. checking partial_input_delay
--------------------------------
 There are 0 input ports with partial input delay specified.


11. checking partial_output_delay
---------------------------------
 There are 0 ports with partial output delay specified.


12. checking latch_loops
------------------------
 There are 0 combinational latch loops in the design through latch input



------------------------------------------------------------------------------------------------
| Design Timing Summary
| ---------------------
------------------------------------------------------------------------------------------------

    WNS(ns)      TNS(ns)  TNS Failing Endpoints  TNS Total Endpoints      WHS(ns)      THS(ns)  THS Failing Endpoints  THS Total Endpoints     WPWS(ns)     TPWS(ns)  TPWS Failing Endpoints  TPWS Total Endpoints  
    -------      -------  ---------------------  -------------------      -------      -------  ---------------------  -------------------     --------     --------  ----------------------  --------------------  
      8.908        0.000                      0                    1        0.263        0.000                      0                    1        4.500        0.000                       0                     2  


All user specified timing constraints are met.


------------------------------------------------------------------------------------------------
| Clock Summary
| -------------
------------------------------------------------------------------------------------------------

Clock        Waveform(ns)       Period(ns)      Frequency(MHz)
-----        ------------       ----------      --------------
sys_clk_pin  {0.000 5.000}      10.000          100.000         


------------------------------------------------------------------------------------------------
| Intra Clock Table
| -----------------
------------------------------------------------------------------------------------------------

Clock             WNS(ns)      TNS(ns)  TNS Failing Endpoints  TNS Total Endpoints      WHS(ns)      THS(ns)  THS Failing Endpoints  THS Total Endpoints     WPWS(ns)     TPWS(ns)  TPWS Failing Endpoints  TPWS Total Endpoints  
-----             -------      -------  ---------------------  -------------------      -------      -------  ---------------------  -------------------     --------     --------  ----------------------  --------------------  
sys_clk_pin         8.908        0.000                      0                    1        0.263        0.000                      0                    1        4.500        0.000                       0                     2  


------------------------------------------------------------------------------------------------
| Inter Clock Table
| -----------------
------------------------------------------------------------------------------------------------

From Clock    To Clock          WNS(ns)      TNS(ns)  TNS Failing Endpoints  TNS Total Endpoints      WHS(ns)      THS(ns)  THS Failing Endpoints  THS Total Endpoints  
----------    --------          -------      -------  ---------------------  -------------------      -------      -------  ---------------------  -------------------  


------------------------------------------------------------------------------------------------
| Other Path Groups Table
| -----------------------
------------------------------------------------------------------------------------------------

Path Group    From Clock    To Clock          WNS(ns)      TNS(ns)  TNS Failing Endpoints  TNS Total Endpoints      WHS(ns)      THS(ns)  THS Failing Endpoints  THS Total Endpoints  
----------    ----------    --------          -------      -------  ---------------------  -------------------      -------      -------  ---------------------  -------------------  


------------------------------------------------------------------------------------------------
| Timing Details
| --------------
------------------------------------------------------------------------------------------------


---------------------------------------------------------------------------------------------------
From Clock:  sys_clk_pin
  To Clock:  sys_clk_pin

Setup :            0  Failing Endpoints,  Worst Slack        8.908ns,  Total Violation        0.000ns
Hold  :            0  Failing Endpoints,  Worst Slack        0.263ns,  Total Violation        0.000ns
PW    :            0  Failing Endpoints,  Worst Slack        4.500ns,  Total Violation        0.000ns
---------------------------------------------------------------------------------------------------


Max Delay Paths
--------------------------------------------------------------------------------------
Slack (MET) :             8.908ns  (required time - arrival time)
  Source:                 genblk1[0].fdiv/clkDiv_reg/C
                            (rising edge-triggered cell FDRE clocked by sys_clk_pin  {rise@0.000ns fall@5.000ns period=10.000ns})
  Destination:            genblk1[0].fdiv/clkDiv_reg/D
                            (rising edge-triggered cell FDRE clocked by sys_clk_pin  {rise@0.000ns fall@5.000ns period=10.000ns})
  Path Group:             sys_clk_pin
  Path Type:              Setup (Max at Slow Process Corner)
  Requirement:            10.000ns  (sys_clk_pin rise@10.000ns - sys_clk_pin rise@0.000ns)
  Data Path Delay:        1.085ns  (logic 0.580ns (53.444%)  route 0.505ns (46.556%))
  Logic Levels:           1  (LUT1=1)
  Clock Path Skew:        0.000ns (DCD - SCD + CPR)
    Destination Clock Delay (DCD):    4.842ns = ( 14.842 - 10.000 ) 
    Source Clock Delay      (SCD):    5.138ns
    Clock Pessimism Removal (CPR):    0.296ns
  Clock Uncertainty:      0.035ns  ((TSJ^2 + TIJ^2)^1/2 + DJ) / 2 + PE
    Total System Jitter     (TSJ):    0.071ns
    Total Input Jitter      (TIJ):    0.000ns
    Discrete Jitter          (DJ):    0.000ns
    Phase Error              (PE):    0.000ns

    Location             Delay type                Incr(ns)  Path(ns)    Netlist Resource(s)
  -------------------------------------------------------------------    -------------------
                         (clock sys_clk_pin rise edge)
                                                      0.000     0.000 r  
    W5                                                0.000     0.000 r  clk (IN)
                         net (fo=0)                   0.000     0.000    clk
    W5                   IBUF (Prop_ibuf_I_O)         1.458     1.458 r  clk_IBUF_inst/O
                         net (fo=1, routed)           1.967     3.425    clk_IBUF
    BUFGCTRL_X0Y0        BUFG (Prop_bufg_I_O)         0.096     3.521 r  clk_IBUF_BUFG_inst/O
                         net (fo=1, routed)           1.617     5.138    genblk1[0].fdiv/clk
    SLICE_X61Y25         FDRE                                         r  genblk1[0].fdiv/clkDiv_reg/C
  -------------------------------------------------------------------    -------------------
    SLICE_X61Y25         FDRE (Prop_fdre_C_Q)         0.456     5.594 f  genblk1[0].fdiv/clkDiv_reg/Q
                         net (fo=2, routed)           0.505     6.100    genblk1[0].fdiv/clkDiv_reg_0
    SLICE_X61Y25         LUT1 (Prop_lut1_I0_O)        0.124     6.224 r  genblk1[0].fdiv/clkDiv_i_1/O
                         net (fo=1, routed)           0.000     6.224    genblk1[0].fdiv/clkDiv_i_1_n_0
    SLICE_X61Y25         FDRE                                         r  genblk1[0].fdiv/clkDiv_reg/D
  -------------------------------------------------------------------    -------------------

                         (clock sys_clk_pin rise edge)
                                                     10.000    10.000 r  
    W5                                                0.000    10.000 r  clk (IN)
                         net (fo=0)                   0.000    10.000    clk
    W5                   IBUF (Prop_ibuf_I_O)         1.388    11.388 r  clk_IBUF_inst/O
                         net (fo=1, routed)           1.862    13.250    clk_IBUF
    BUFGCTRL_X0Y0        BUFG (Prop_bufg_I_O)         0.091    13.341 r  clk_IBUF_BUFG_inst/O
                         net (fo=1, routed)           1.501    14.842    genblk1[0].fdiv/clk
    SLICE_X61Y25         FDRE                                         r  genblk1[0].fdiv/clkDiv_reg/C
                         clock pessimism              0.296    15.138    
                         clock uncertainty           -0.035    15.103    
    SLICE_X61Y25         FDRE (Setup_fdre_C_D)        0.029    15.132    genblk1[0].fdiv/clkDiv_reg
  -------------------------------------------------------------------
                         required time                         15.132    
                         arrival time                          -6.224    
  -------------------------------------------------------------------
                         slack                                  8.908    





Min Delay Paths
--------------------------------------------------------------------------------------
Slack (MET) :             0.263ns  (arrival time - required time)
  Source:                 genblk1[0].fdiv/clkDiv_reg/C
                            (rising edge-triggered cell FDRE clocked by sys_clk_pin  {rise@0.000ns fall@5.000ns period=10.000ns})
  Destination:            genblk1[0].fdiv/clkDiv_reg/D
                            (rising edge-triggered cell FDRE clocked by sys_clk_pin  {rise@0.000ns fall@5.000ns period=10.000ns})
  Path Group:             sys_clk_pin
  Path Type:              Hold (Min at Fast Process Corner)
  Requirement:            0.000ns  (sys_clk_pin rise@0.000ns - sys_clk_pin rise@0.000ns)
  Data Path Delay:        0.354ns  (logic 0.186ns (52.507%)  route 0.168ns (47.493%))
  Logic Levels:           1  (LUT1=1)
  Clock Path Skew:        0.000ns (DCD - SCD - CPR)
    Destination Clock Delay (DCD):    1.975ns
    Source Clock Delay      (SCD):    1.464ns
    Clock Pessimism Removal (CPR):    0.511ns

    Location             Delay type                Incr(ns)  Path(ns)    Netlist Resource(s)
  -------------------------------------------------------------------    -------------------
                         (clock sys_clk_pin rise edge)
                                                      0.000     0.000 r  
    W5                                                0.000     0.000 r  clk (IN)
                         net (fo=0)                   0.000     0.000    clk
    W5                   IBUF (Prop_ibuf_I_O)         0.226     0.226 r  clk_IBUF_inst/O
                         net (fo=1, routed)           0.631     0.858    clk_IBUF
    BUFGCTRL_X0Y0        BUFG (Prop_bufg_I_O)         0.026     0.884 r  clk_IBUF_BUFG_inst/O
                         net (fo=1, routed)           0.581     1.464    genblk1[0].fdiv/clk
    SLICE_X61Y25         FDRE                                         r  genblk1[0].fdiv/clkDiv_reg/C
  -------------------------------------------------------------------    -------------------
    SLICE_X61Y25         FDRE (Prop_fdre_C_Q)         0.141     1.605 f  genblk1[0].fdiv/clkDiv_reg/Q
                         net (fo=2, routed)           0.168     1.773    genblk1[0].fdiv/clkDiv_reg_0
    SLICE_X61Y25         LUT1 (Prop_lut1_I0_O)        0.045     1.818 r  genblk1[0].fdiv/clkDiv_i_1/O
                         net (fo=1, routed)           0.000     1.818    genblk1[0].fdiv/clkDiv_i_1_n_0
    SLICE_X61Y25         FDRE                                         r  genblk1[0].fdiv/clkDiv_reg/D
  -------------------------------------------------------------------    -------------------

                         (clock sys_clk_pin rise edge)
                                                      0.000     0.000 r  
    W5                                                0.000     0.000 r  clk (IN)
                         net (fo=0)                   0.000     0.000    clk
    W5                   IBUF (Prop_ibuf_I_O)         0.414     0.414 r  clk_IBUF_inst/O
                         net (fo=1, routed)           0.685     1.099    clk_IBUF
    BUFGCTRL_X0Y0        BUFG (Prop_bufg_I_O)         0.029     1.128 r  clk_IBUF_BUFG_inst/O
                         net (fo=1, routed)           0.848     1.975    genblk1[0].fdiv/clk
    SLICE_X61Y25         FDRE                                         r  genblk1[0].fdiv/clkDiv_reg/C
                         clock pessimism             -0.511     1.464    
    SLICE_X61Y25         FDRE (Hold_fdre_C_D)         0.091     1.555    genblk1[0].fdiv/clkDiv_reg
  -------------------------------------------------------------------
                         required time                         -1.555    
                         arrival time                           1.818    
  -------------------------------------------------------------------
                         slack                                  0.263    





Pulse Width Checks
--------------------------------------------------------------------------------------
Clock Name:         sys_clk_pin
Waveform(ns):       { 0.000 5.000 }
Period(ns):         10.000
Sources:            { clk }

Check Type        Corner  Lib Pin  Reference Pin  Required(ns)  Actual(ns)  Slack(ns)  Location       Pin
Min Period        n/a     BUFG/I   n/a            2.155         10.000      7.845      BUFGCTRL_X0Y0  clk_IBUF_BUFG_inst/I
Min Period        n/a     FDRE/C   n/a            1.000         10.000      9.000      SLICE_X61Y25   genblk1[0].fdiv/clkDiv_reg/C
Low Pulse Width   Fast    FDRE/C   n/a            0.500         5.000       4.500      SLICE_X61Y25   genblk1[0].fdiv/clkDiv_reg/C
Low Pulse Width   Slow    FDRE/C   n/a            0.500         5.000       4.500      SLICE_X61Y25   genblk1[0].fdiv/clkDiv_reg/C
High Pulse Width  Slow    FDRE/C   n/a            0.500         5.000       4.500      SLICE_X61Y25   genblk1[0].fdiv/clkDiv_reg/C
High Pulse Width  Fast    FDRE/C   n/a            0.500         5.000       4.500      SLICE_X61Y25   genblk1[0].fdiv/clkDiv_reg/C



